TN:
SF:constants\club-data.js
FNF:0
FNH:0
DA:2,1
DA:141,1
DA:170,1
LF:3
LH:3
BRF:0
BRH:0
end_of_record
TN:
SF:src\calculations\air-density-calculations.js
FN:13,calculateAirDensity
FN:73,calculateVaporPressure
FN:88,calculateDewPoint
FN:124,calculateAirDensityEffects
FNF:4
FNH:3
FNDA:16,calculateAirDensity
FNDA:0,calculateVaporPressure
FNDA:14,calculateDewPoint
FNDA:7,calculateAirDensityEffects
DA:15,16
DA:16,1
DA:18,15
DA:19,1
DA:21,14
DA:22,1
DA:24,13
DA:25,2
DA:27,11
DA:28,2
DA:30,9
DA:31,2
DA:35,7
DA:36,2
DA:40,5
DA:43,5
DA:44,5
DA:45,5
DA:48,5
DA:49,5
DA:52,5
DA:53,5
DA:56,5
DA:57,5
DA:61,5
DA:62,5
DA:65,5
DA:74,0
DA:75,0
DA:76,0
DA:78,0
DA:79,0
DA:90,14
DA:91,1
DA:93,13
DA:94,1
DA:96,12
DA:97,2
DA:99,10
DA:100,2
DA:104,8
DA:107,8
DA:108,8
DA:111,8
DA:112,8
DA:115,8
DA:126,7
DA:127,1
DA:129,6
DA:130,1
DA:133,5
DA:134,5
DA:135,2
DA:138,3
DA:139,3
DA:142,3
DA:143,3
DA:144,3
DA:146,3
LF:59
LH:54
BRDA:15,0,0,1
BRDA:15,0,1,15
BRDA:15,1,0,16
BRDA:15,1,1,15
BRDA:18,2,0,1
BRDA:18,2,1,14
BRDA:18,3,0,15
BRDA:18,3,1,14
BRDA:21,4,0,1
BRDA:21,4,1,13
BRDA:21,5,0,14
BRDA:21,5,1,13
BRDA:24,6,0,2
BRDA:24,6,1,11
BRDA:24,7,0,13
BRDA:24,7,1,12
BRDA:27,8,0,2
BRDA:27,8,1,9
BRDA:27,9,0,11
BRDA:27,9,1,10
BRDA:30,10,0,2
BRDA:30,10,1,7
BRDA:30,11,0,9
BRDA:30,11,1,8
BRDA:35,12,0,2
BRDA:35,12,1,5
BRDA:35,13,0,7
BRDA:35,13,1,3
BRDA:35,13,2,3
BRDA:90,14,0,1
BRDA:90,14,1,13
BRDA:90,15,0,14
BRDA:90,15,1,13
BRDA:93,16,0,1
BRDA:93,16,1,12
BRDA:93,17,0,13
BRDA:93,17,1,12
BRDA:96,18,0,2
BRDA:96,18,1,10
BRDA:96,19,0,12
BRDA:96,19,1,11
BRDA:99,20,0,2
BRDA:99,20,1,8
BRDA:99,21,0,10
BRDA:99,21,1,9
BRDA:126,22,0,1
BRDA:126,22,1,6
BRDA:126,23,0,7
BRDA:126,23,1,6
BRDA:129,24,0,1
BRDA:129,24,1,5
BRDA:129,25,0,6
BRDA:129,25,1,5
BRDA:134,26,0,2
BRDA:134,26,1,3
BRDA:134,27,0,5
BRDA:134,27,1,4
BRDA:134,27,2,3
BRF:58
BRH:58
end_of_record
TN:
SF:src\calculations\altitude-calculations.js
FN:11,calculateAltitudeEffect
FN:46,calculateAltitudeEffects
FN:61,calculateOxygenDensity
FN:71,calculatePressureAtAltitude
FN:83,calculateTemperatureAtAltitude
FNF:5
FNH:1
FNDA:15,calculateAltitudeEffect
FNDA:0,calculateAltitudeEffects
FNDA:0,calculateOxygenDensity
FNDA:0,calculatePressureAtAltitude
FNDA:0,calculateTemperatureAtAltitude
DA:13,15
DA:14,1
DA:16,14
DA:17,2
DA:19,12
DA:20,1
DA:24,11
DA:25,2
DA:30,9
DA:34,9
DA:37,9
DA:47,0
DA:49,0
DA:62,0
DA:63,0
DA:72,0
DA:73,0
DA:74,0
DA:84,0
DA:85,0
DA:86,0
LF:21
LH:11
BRDA:13,0,0,1
BRDA:13,0,1,14
BRDA:13,1,0,15
BRDA:13,1,1,14
BRDA:16,2,0,2
BRDA:16,2,1,12
BRDA:19,3,0,1
BRDA:19,3,1,11
BRDA:24,4,0,2
BRDA:24,4,1,9
BRDA:62,5,0,0
BRDA:62,5,1,0
BRDA:72,6,0,0
BRDA:72,6,1,0
BRDA:84,7,0,0
BRDA:84,7,1,0
BRF:16
BRH:10
end_of_record
TN:
SF:src\calculations\wind-calculations.js
FN:14,calculateWindEffect
FN:82,calculateWindAngle
FN:111,calculateEffectiveWindSpeed
FNF:3
FNH:1
FNDA:20,calculateWindEffect
FNDA:0,calculateWindAngle
FNDA:0,calculateEffectiveWindSpeed
DA:16,20
DA:17,1
DA:19,19
DA:20,2
DA:22,17
DA:23,1
DA:25,16
DA:26,1
DA:28,15
DA:29,2
DA:31,13
DA:32,1
DA:34,12
DA:35,1
DA:37,11
DA:38,1
DA:40,10
DA:41,1
DA:45,9
DA:46,1
DA:53,8
DA:56,8
DA:59,8
DA:62,8
DA:65,8
DA:68,8
DA:71,8
DA:83,0
DA:102,0
DA:112,0
DA:113,0
DA:114,0
LF:32
LH:27
BRDA:16,0,0,1
BRDA:16,0,1,19
BRDA:16,1,0,20
BRDA:16,1,1,19
BRDA:19,2,0,2
BRDA:19,2,1,17
BRDA:22,3,0,1
BRDA:22,3,1,16
BRDA:25,4,0,1
BRDA:25,4,1,15
BRDA:25,5,0,16
BRDA:25,5,1,15
BRDA:28,6,0,2
BRDA:28,6,1,13
BRDA:28,7,0,15
BRDA:28,7,1,14
BRDA:31,8,0,1
BRDA:31,8,1,12
BRDA:31,9,0,13
BRDA:31,9,1,12
BRDA:34,10,0,1
BRDA:34,10,1,11
BRDA:37,11,0,1
BRDA:37,11,1,10
BRDA:37,12,0,11
BRDA:37,12,1,10
BRDA:40,13,0,1
BRDA:40,13,1,9
BRDA:45,14,0,1
BRDA:45,14,1,8
BRDA:102,15,0,0
BRDA:102,15,1,0
BRDA:112,16,0,0
BRDA:112,16,1,0
BRF:34
BRH:30
end_of_record
