TN:
SF:src\data\trackman-data.js
FN:158,getNormalizedClubData
FNF:1
FNH:1
FNDA:4,getNormalizedClubData
DA:6,1
DA:159,4
DA:160,1
DA:163,3
DA:164,3
DA:166,3
LF:6
LH:6
BRDA:158,0,0,1
BRDA:159,1,0,1
BRDA:159,1,1,3
BRF:3
BRH:3
end_of_record
TN:
SF:src\physics\ball-aerodynamics.js
FN:21,calculateReynoldsNumber
FN:30,calculateDragCoefficient
FN:51,calculateMagnusCoefficient
FN:64,calculateLiftCoefficient
FN:83,calculateAirDensity
FN:113,calculateWindEffect
FN:134,calculateAerodynamicForces
FNF:7
FNH:5
FNDA:4,calculateReynoldsNumber
FNDA:5,calculateDragCoefficient
FNDA:5,calculateMagnusCoefficient
FNDA:5,calculateLiftCoefficient
FNDA:0,calculateAirDensity
FNDA:0,calculateWindEffect
FNDA:3,calculateAerodynamicForces
DA:6,1
DA:22,4
DA:31,5
DA:34,5
DA:35,1
DA:36,4
DA:37,1
DA:38,3
DA:39,3
DA:41,0
DA:52,5
DA:54,5
DA:55,5
DA:65,5
DA:68,5
DA:69,5
DA:70,5
DA:72,5
DA:85,0
DA:88,0
DA:91,0
DA:94,0
DA:97,0
DA:98,0
DA:101,0
DA:103,0
DA:115,0
DA:116,0
DA:119,0
DA:122,0
DA:142,3
DA:145,3
DA:148,3
DA:149,3
DA:150,3
DA:153,3
DA:154,3
DA:156,3
LF:38
LH:25
BRDA:21,0,0,0
BRDA:21,1,0,1
BRDA:21,2,0,1
BRDA:31,3,0,0
BRDA:31,3,1,5
BRDA:34,4,0,1
BRDA:34,4,1,4
BRDA:36,5,0,1
BRDA:36,5,1,3
BRDA:38,6,0,3
BRDA:38,6,1,0
BRDA:52,7,0,0
BRDA:52,7,1,5
BRDA:65,8,0,0
BRDA:65,8,1,5
BRDA:65,9,0,5
BRDA:65,9,1,5
BRDA:138,10,0,0
BRDA:139,11,0,3
BRDA:140,12,0,3
BRDA:141,13,0,0
BRF:21
BRH:14
end_of_record
TN:
SF:src\physics\environmental-effects.js
FN:12,calculateAirDensityLayers
FN:45,calculateDewPointEffect
FN:63,calculatePressureTrendEffect
FN:75,calculateGroundEffect
FN:90,calculateBallCompressionEffect
FN:115,calculateEnvironmentalEffects
FNF:6
FNH:6
FNDA:4,calculateAirDensityLayers
FNDA:5,calculateDewPointEffect
FNDA:5,calculatePressureTrendEffect
FNDA:5,calculateGroundEffect
FNDA:5,calculateBallCompressionEffect
FNDA:3,calculateEnvironmentalEffects
DA:13,4
DA:14,4
DA:15,4
DA:17,4
DA:19,94
DA:22,94
DA:25,94
DA:26,94
DA:28,94
DA:36,4
DA:47,5
DA:48,5
DA:49,5
DA:50,5
DA:53,5
DA:54,5
DA:65,5
DA:66,5
DA:76,5
DA:77,5
DA:80,4
DA:81,4
DA:92,5
DA:95,5
DA:96,5
DA:99,5
DA:100,5
DA:102,5
DA:124,3
DA:126,3
DA:127,3
DA:128,3
DA:129,3
DA:130,3
DA:132,3
LF:35
LH:35
BRDA:77,0,0,1
BRDA:77,0,1,4
BRDA:121,1,0,0
BRDA:122,2,0,0
BRDA:123,3,0,0
BRF:5
BRH:2
end_of_record
